<?xml version="1.0" encoding="UTF-8"?>
<testng-results skipped="0" failed="0" ignored="0" total="1" passed="1">
  <reporter-output>
  </reporter-output>
  <suite name="Default suite" duration-ms="26704" started-at="2019-06-07T13:29:19Z" finished-at="2019-06-07T13:29:45Z">
    <groups>
    </groups>
    <test name="Default test" duration-ms="26704" started-at="2019-06-07T13:29:19Z" finished-at="2019-06-07T13:29:45Z">
      <class name="HotelBookingTest">
        <test-method status="PASS" signature="shouldBeAbleToSearchForHotels()[pri:0, instance:HotelBookingTest@576d5deb]" name="shouldBeAbleToSearchForHotels" duration-ms="26672" started-at="2019-06-07T18:59:19Z" finished-at="2019-06-07T18:59:45Z">
          <reporter-output>
          </reporter-output>
        </test-method> <!-- shouldBeAbleToSearchForHotels -->
      </class> <!-- HotelBookingTest -->
    </test> <!-- Default test -->
  </suite> <!-- Default suite -->
</testng-results>
